SF:lib\core\network\network_info.dart
DA:10,1
DA:13,1
DA:14,3
DA:16,1
DA:17,1
LF:5
LH:5
end_of_record
SF:lib\features\get_users\domain\entities\user.dart
DA:9,9
DA:16,3
DA:17,15
LF:3
LH:3
end_of_record
SF:lib\core\states\data_state.dart
DA:7,0
DA:8,0
DA:9,0
DA:10,0
LF:4
LH:0
end_of_record
SF:lib\features\get_users\data\data_sources\user_local_data_source.dart
DA:23,1
DA:26,1
DA:27,1
DA:29,2
DA:30,3
DA:33,4
DA:37,1
DA:38,2
DA:41,1
DA:43,4
DA:45,1
LF:11
LH:11
end_of_record
SF:lib\features\get_users\data\models\user_model.dart
DA:9,6
DA:14,3
DA:21,3
DA:22,3
DA:25,4
LF:5
LH:5
end_of_record
SF:lib\features\get_users\data\models\user_model.g.dart
DA:9,6
DA:10,3
DA:11,3
DA:12,3
DA:13,3
DA:16,4
DA:17,2
DA:18,2
DA:19,2
DA:20,2
LF:10
LH:10
end_of_record
SF:lib\features\get_users\data\data_sources\user_remote_data_source.dart
DA:23,0
LF:1
LH:0
end_of_record
SF:lib\features\get_users\data\data_sources\user_remote_data_source.g.dart
DA:10,1
DA:11,1
DA:19,1
DA:21,1
DA:22,1
DA:23,1
DA:24,3
DA:25,1
DA:26,1
DA:27,3
DA:29,2
DA:30,1
DA:31,3
DA:32,1
DA:37,1
DA:39,1
DA:40,1
DA:41,1
DA:42,3
DA:43,1
DA:44,1
DA:45,4
DA:47,2
DA:48,2
DA:52,1
DA:53,1
DA:54,2
DA:55,2
DA:56,1
DA:57,0
DA:59,1
LF:31
LH:30
end_of_record
SF:lib\core\error\failure.dart
DA:4,1
DA:5,1
LF:2
LH:2
end_of_record
SF:lib\features\get_users\data\repositories\user_repository_impl.dart
DA:16,1
DA:23,1
DA:25,4
DA:26,1
DA:27,2
DA:32,1
DA:33,3
DA:35,3
DA:36,2
DA:38,1
DA:39,1
DA:40,2
DA:44,4
DA:45,1
DA:46,2
LF:15
LH:15
end_of_record
SF:lib\features\get_users\domain\usecases\get_user_by_id.dart
DA:11,1
DA:13,1
DA:14,2
LF:3
LH:3
end_of_record
SF:lib\core\no_params.dart
DA:6,2
DA:8,0
DA:9,0
LF:3
LH:1
end_of_record
SF:lib\features\get_users\domain\usecases\get_users.dart
DA:12,1
DA:14,1
DA:16,2
LF:3
LH:3
end_of_record
